<?xml version="1.0" encoding="UTF-8"?>
<testsuite xmlns:xsi="http://www.w3.org/2001/XMLSchema-instance" xsi:noNamespaceSchemaLocation="https://maven.apache.org/surefire/maven-surefire-plugin/xsd/surefire-test-report.xsd" name="br.upe.mavenBasico.ResultadoMegasenaTest" time="1.446" tests="1" errors="1" skipped="0" failures="0">
  <properties>
[...]
</properties>
  <testcase name="testObtemUltimoResultado" classname="br.upe.mavenBasico.ResultadoMegasenaTest" time="1.444">
    <error message="Um erro inesperado ocorreu." type="java.lang.RuntimeException">java.lang.RuntimeException: Um erro inesperado ocorreu.
	at br.upe.mavenBasico.ResultadoMegasenaTest.testObtemUltimoResultado(ResultadoMegasenaTest.java:15)
Caused by: org.apache.http.client.HttpResponseException: status code: 400, reason phrase: Bad Request
	at br.upe.mavenBasico.ResultadoMegasenaTest.testObtemUltimoResultado(ResultadoMegasenaTest.java:15)
</error>
  </testcase>
</testsuite>